<?xml version="1.0" encoding="UTF-8" ?>
<testsuite errors="0" failures="1" hostname="Asistente-PC" name="unacloud2.OperatingSystemControllerTests" tests="1" time="0.59" timestamp="2013-09-02T20:25:45">
  <properties />
  <testcase classname="unacloud2.OperatingSystemControllerTests" name="testSomething" time="0.436">
    <failure message="junit.framework.AssertionFailedError: Implement me" type="junit.framework.AssertionFailedError">junit.framework.AssertionFailedError: junit.framework.AssertionFailedError: Implement me
	at unacloud2.OperatingSystemControllerTests.testSomething(OperatingSystemControllerTests.groovy:15)
</failure>
  </testcase>
  <system-out><![CDATA[--Output from testSomething--
]]></system-out>
  <system-err><![CDATA[--Output from testSomething--
]]></system-err>
</testsuite>
