<?xml version="1.0" encoding="UTF-8" ?>
<testsuite errors="0" failures="1" hostname="Asistente-PC" name="unacloud2.VirtualMachineImageControllerTests" tests="1" time="0.381" timestamp="2013-09-02T22:58:17">
  <properties />
  <testcase classname="unacloud2.VirtualMachineImageControllerTests" name="testSomething" time="0.379">
    <failure message="junit.framework.AssertionFailedError: Implement me" type="junit.framework.AssertionFailedError">junit.framework.AssertionFailedError: junit.framework.AssertionFailedError: Implement me
	at unacloud2.VirtualMachineImageControllerTests.testSomething(VirtualMachineImageControllerTests.groovy:13)
</failure>
  </testcase>
  <system-out><![CDATA[--Output from testSomething--
]]></system-out>
  <system-err><![CDATA[--Output from testSomething--
]]></system-err>
</testsuite>
